#
# There is insufficient memory for the Java Runtime Environment to continue.
# Native memory allocation (mmap) failed to map 132120576 bytes for Failed to commit area from 0x0000000082000000 to 0x0000000089e00000 of length 132120576.
# Possible reasons:
#   The system is out of physical RAM or swap space
#   The process is running with CompressedOops enabled, and the Java Heap may be blocking the growth of the native heap
# Possible solutions:
#   Reduce memory load on the system
#   Increase physical memory or swap space
#   Check if swap backing store is full
#   Decrease Java heap size (-Xmx/-Xms)
#   Decrease number of Java threads
#   Decrease Java thread stack sizes (-Xss)
#   Set larger code cache with -XX:ReservedCodeCacheSize=
# This output file may be truncated or incomplete.
#
#  Out of Memory Error (t:/workspace/open/src/hotspot/os/windows/os_windows.cpp:3269), pid=8852, tid=3900
#
# JRE version:  (11.0.2+9) (build )
# Java VM: Java HotSpot(TM) 64-Bit Server VM (11.0.2+9-LTS, mixed mode, aot, sharing, tiered, compressed oops, g1 gc, windows-amd64)
# No core dump will be written. Minidumps are not enabled by default on client versions of Windows
#

---------------  S U M M A R Y ------------

Command Line: -XX:TieredStopAtLevel=1 -Xverify:none -Dspring.output.ansi.enabled=always -Dcom.sun.management.jmxremote -Dspring.jmx.enabled=true -Dspring.liveBeansView.mbeanDomain -Dspring.application.admin.enabled=true -javaagent:C:\Program Files\JetBrains\IntelliJ IDEA 2018.2.5\IntelliJ IDEA 2018.3.5\lib\idea_rt.jar=58460:C:\Program Files\JetBrains\IntelliJ IDEA 2018.2.5\IntelliJ IDEA 2018.3.5\bin -Dfile.encoding=UTF-8 com.exam.demo.TechCRUDprojectApplication

Host: Intel(R) Core(TM) i5-7200U CPU @ 2.50GHz, 4 cores, 7G,  Windows 10 , 64 bit Build 17134 (10.0.17134.753)
Time: Mon May 27 13:37:16 2019 Romance Daylight Time elapsed time: 0 seconds (0d 0h 0m 0s)

---------------  T H R E A D  ---------------

Current thread (0x000002df3b7e0000):  JavaThread "Unknown thread" [_thread_in_vm, id=3900, stack(0x000000e29e300000,0x000000e29e400000)]

Stack: [0x000000e29e300000,0x000000e29e400000]
Native frames: (J=compiled Java code, j=interpreted, Vv=VM code, C=native code)
V  [jvm.dll+0x63574a]
V  [jvm.dll+0x77326f]
V  [jvm.dll+0x77491a]
V  [jvm.dll+0x774fd3]
V  [jvm.dll+0x25e418]
V  [jvm.dll+0x632c0a]
V  [jvm.dll+0x627645]
V  [jvm.dll+0x314e7c]
V  [jvm.dll+0x314d02]
V  [jvm.dll+0x31a576]
V  [jvm.dll+0x36635f]
V  [jvm.dll+0x365d80]
V  [jvm.dll+0x2f19f8]
V  [jvm.dll+0x2f2b56]
V  [jvm.dll+0x74c817]
V  [jvm.dll+0x74df5f]
V  [jvm.dll+0x373179]
V  [jvm.dll+0x732eb9]
V  [jvm.dll+0x3e295d]
V  [jvm.dll+0x3e4c61]
C  [java.exe+0x3607]
C  [java.exe+0x178dc]
C  [KERNEL32.DLL+0x14034]
C  [ntdll.dll+0x73691]


---------------  P R O C E S S  ---------------

Threads class SMR info:
_java_thread_list=0x000002df3b6dcff0, length=0, elements={
}

Java Threads: ( => current thread )

Other Threads:
  0x000002df3b7f7800 GCTaskThread "GC Thread#0" [stack: 0x000000e29e400000,0x000000e29e500000] [id=7076]
  0x000002df3b827800 ConcurrentGCThread "G1 Main Marker" [stack: 0x000000e29e500000,0x000000e29e600000] [id=5468]
  0x000002df3b829000 ConcurrentGCThread "G1 Conc#0" [stack: 0x000000e29e600000,0x000000e29e700000] [id=10044]

[error occurred during error reporting (printing all threads), id 0xc0000005, EXCEPTION_ACCESS_VIOLATION (0xc0000005) at pc=0x00007ffcb5840197]

VM state:not at safepoint (not fully initialized)

VM Mutex/Monitor currently owned by a thread:  ([mutex/lock_event])
[0x000002df3b7dd070] Heap_lock - owner thread: 0x000002df3b7e0000

Heap address: 0x0000000082000000, size: 2016 MB, Compressed Oops mode: Non-zero based: 0x0000000082000000
Narrow klass base: 0x0000000000000000, Narrow klass shift: 0

GC Heap History (0 events):
No events

Deoptimization events (0 events):
No events

Classes redefined (0 events):
No events

Internal exceptions (0 events):
No events

Events (0 events):
No events


Dynamic libraries:
0x00007ff606b50000 - 0x00007ff606b97000 	C:\Program Files\Java\jdk-11.0.2\bin\java.exe
0x00007ffcf2860000 - 0x00007ffcf2a41000 	C:\WINDOWS\SYSTEM32\ntdll.dll
0x00007ffcf2730000 - 0x00007ffcf27e1000 	C:\WINDOWS\System32\KERNEL32.DLL
0x00007ffceec80000 - 0x00007ffceeef3000 	C:\WINDOWS\System32\KERNELBASE.dll
0x00007ffcf22d0000 - 0x00007ffcf2371000 	C:\WINDOWS\System32\ADVAPI32.dll
0x00007ffcf2160000 - 0x00007ffcf21fe000 	C:\WINDOWS\System32\msvcrt.dll
0x00007ffcf2520000 - 0x00007ffcf257b000 	C:\WINDOWS\System32\sechost.dll
0x00007ffcf17d0000 - 0x00007ffcf18f4000 	C:\WINDOWS\System32\RPCRT4.dll
0x00007ffcf1210000 - 0x00007ffcf13a0000 	C:\WINDOWS\System32\USER32.dll
0x00007ffceef00000 - 0x00007ffceef20000 	C:\WINDOWS\System32\win32u.dll
0x00007ffcf1770000 - 0x00007ffcf1798000 	C:\WINDOWS\System32\GDI32.dll
0x00007ffcef3a0000 - 0x00007ffcef532000 	C:\WINDOWS\System32\gdi32full.dll
0x00007ffcef540000 - 0x00007ffcef5df000 	C:\WINDOWS\System32\msvcp_win.dll
0x00007ffcef2a0000 - 0x00007ffcef398000 	C:\WINDOWS\System32\ucrtbase.dll
0x00007ffcdfdb0000 - 0x00007ffce0019000 	C:\WINDOWS\WinSxS\amd64_microsoft.windows.common-controls_6595b64144ccf1df_6.0.17134.765_none_fb42a1a930655896\COMCTL32.dll
0x00007ffcf1db0000 - 0x00007ffcf20d2000 	C:\WINDOWS\System32\combase.dll
0x00007ffceef20000 - 0x00007ffceef9a000 	C:\WINDOWS\System32\bcryptPrimitives.dll
0x00007ffce7ee0000 - 0x00007ffce7eea000 	C:\WINDOWS\SYSTEM32\VERSION.dll
0x00007ffcf2800000 - 0x00007ffcf282d000 	C:\WINDOWS\System32\IMM32.DLL
0x00007ffce81d0000 - 0x00007ffce81e6000 	C:\Program Files\Java\jdk-11.0.2\bin\vcruntime140.dll
0x00007ffcc6210000 - 0x00007ffcc62ba000 	C:\Program Files\Java\jdk-11.0.2\bin\msvcp140.dll
0x00007ffcb5540000 - 0x00007ffcb6067000 	C:\Program Files\Java\jdk-11.0.2\bin\server\jvm.dll
0x00007ffcefdc0000 - 0x00007ffcefdc8000 	C:\WINDOWS\System32\PSAPI.DLL
0x00007ffce9da0000 - 0x00007ffce9da9000 	C:\WINDOWS\SYSTEM32\WSOCK32.dll
0x00007ffcf2260000 - 0x00007ffcf22cc000 	C:\WINDOWS\System32\WS2_32.dll
0x00007ffceb8a0000 - 0x00007ffceb8c3000 	C:\WINDOWS\SYSTEM32\WINMM.dll
0x00007ffceb870000 - 0x00007ffceb89a000 	C:\WINDOWS\SYSTEM32\WINMMBASE.dll
0x00007ffceec30000 - 0x00007ffceec79000 	C:\WINDOWS\System32\cfgmgr32.dll
0x00007ffceebc0000 - 0x00007ffceebd1000 	C:\WINDOWS\System32\kernel.appcore.dll
0x00007ffce80b0000 - 0x00007ffce80c1000 	C:\Program Files\Java\jdk-11.0.2\bin\verify.dll
0x00007ffcd57d0000 - 0x00007ffcd5999000 	C:\WINDOWS\SYSTEM32\DBGHELP.DLL
0x00007ffcd5630000 - 0x00007ffcd5659000 	C:\WINDOWS\SYSTEM32\dbgcore.DLL
0x00007ffce2c90000 - 0x00007ffce2cb9000 	C:\Program Files\Java\jdk-11.0.2\bin\java.dll
0x00007ffce06e0000 - 0x00007ffce070f000 	C:\Program Files\Java\jdk-11.0.2\bin\instrument.dll
0x00007ffce8090000 - 0x00007ffce80a6000 	C:\Program Files\Java\jdk-11.0.2\bin\zip.dll
0x00007ffce9db0000 - 0x00007ffce9dba000 	C:\Program Files\Java\jdk-11.0.2\bin\jimage.dll

dbghelp: loaded successfully - version: 4.0.5 - missing functions: none
symbol engine: initialized successfully - sym options: 0x614 - pdb path: .;C:\Program Files\Java\jdk-11.0.2\bin;C:\WINDOWS\SYSTEM32;C:\WINDOWS\WinSxS\amd64_microsoft.windows.common-controls_6595b64144ccf1df_6.0.17134.765_none_fb42a1a930655896;C:\Program Files\Java\jdk-11.0.2\bin\server

VM Arguments:
jvm_args: -XX:TieredStopAtLevel=1 -Xverify:none -Dspring.output.ansi.enabled=always -Dcom.sun.management.jmxremote -Dspring.jmx.enabled=true -Dspring.liveBeansView.mbeanDomain -Dspring.application.admin.enabled=true -javaagent:C:\Program Files\JetBrains\IntelliJ IDEA 2018.2.5\IntelliJ IDEA 2018.3.5\lib\idea_rt.jar=58460:C:\Program Files\JetBrains\IntelliJ IDEA 2018.2.5\IntelliJ IDEA 2018.3.5\bin -Dfile.encoding=UTF-8 
java_command: com.exam.demo.TechCRUDprojectApplication
java_class_path (initial): D:\_Documente\Desktop\FINAL\techCRUDproject\target\classes;C:\Users\MadaPas\.m2\repository\org\springframework\boot\spring-boot-starter-thymeleaf\2.1.4.RELEASE\spring-boot-starter-thymeleaf-2.1.4.RELEASE.jar;C:\Users\MadaPas\.m2\repository\org\springframework\boot\spring-boot-starter\2.1.4.RELEASE\spring-boot-starter-2.1.4.RELEASE.jar;C:\Users\MadaPas\.m2\repository\org\springframework\boot\spring-boot\2.1.4.RELEASE\spring-boot-2.1.4.RELEASE.jar;C:\Users\MadaPas\.m2\repository\org\springframework\boot\spring-boot-autoconfigure\2.1.4.RELEASE\spring-boot-autoconfigure-2.1.4.RELEASE.jar;C:\Users\MadaPas\.m2\repository\org\springframework\boot\spring-boot-starter-logging\2.1.4.RELEASE\spring-boot-starter-logging-2.1.4.RELEASE.jar;C:\Users\MadaPas\.m2\repository\ch\qos\logback\logback-classic\1.2.3\logback-classic-1.2.3.jar;C:\Users\MadaPas\.m2\repository\ch\qos\logback\logback-core\1.2.3\logback-core-1.2.3.jar;C:\Users\MadaPas\.m2\repository\org\apache\logging\log4j\log4j-to-slf4j\2.11.2\log4j-to-slf4j-2.11.2.jar;C:\Users\MadaPas\.m2\repository\org\apache\logging\log4j\log4j-api\2.11.2\log4j-api-2.11.2.jar;C:\Users\MadaPas\.m2\repository\org\slf4j\jul-to-slf4j\1.7.26\jul-to-slf4j-1.7.26.jar;C:\Users\MadaPas\.m2\repository\javax\annotation\javax.annotation-api\1.3.2\javax.annotation-api-1.3.2.jar;C:\Users\MadaPas\.m2\repository\org\yaml\snakeyaml\1.23\snakeyaml-1.23.jar;C:\Users\MadaPas\.m2\repository\org\thymeleaf\thymeleaf-spring5\3.0.11.RELEASE\thymeleaf-spring5-3.0.11.RELEASE.jar;C:\Users\MadaPas\.m2\repository\org\thymeleaf\thymeleaf\3.0.11.RELEASE\thymeleaf-3.0.11.RELEASE.jar;C:\Users\MadaPas\.m2\repository\org\attoparser\attoparser\2.0.5.RELEASE\attoparser-2.0.5.RELEASE.jar;C:\Users\MadaPas\.m2\repository\org\unbescape\unbescape\1.1.6.RELEASE\unbescape-1.1.6.RELEASE.jar;C:\Users\MadaPas\.m2\repository\org\slf4j\slf4j-api\1.7.26\slf4j-api-1.7.26.jar;C:\Users\MadaPas\.m2\repository\org\thymeleaf\extras\thymeleaf-extras-java8time\3.0.4.RE
Launcher Type: SUN_STANDARD

[Global flags]
     bool BytecodeVerificationLocal                = false                                     {product} {command line}
     bool BytecodeVerificationRemote               = false                                     {product} {command line}
     intx CICompilerCount                          = 3                                         {product} {ergonomic}
     uint ConcGCThreads                            = 1                                         {product} {ergonomic}
     uint G1ConcRefinementThreads                  = 4                                         {product} {ergonomic}
   size_t G1HeapRegionSize                         = 1048576                                   {product} {ergonomic}
    uintx GCDrainStackTargetSize                   = 64                                        {product} {ergonomic}
   size_t InitialHeapSize                          = 132120576                                 {product} {ergonomic}
     bool ManagementServer                         = true                                      {product} {command line}
   size_t MarkStackSize                            = 4194304                                   {product} {ergonomic}
   size_t MaxHeapSize                              = 2113929216                                {product} {ergonomic}
   size_t MinHeapDeltaBytes                        = 1048576                                   {product} {ergonomic}
    uintx NonNMethodCodeHeapSize                   = 6973028                                {pd product} {ergonomic}
    uintx NonProfiledCodeHeapSize                  = 244685212                              {pd product} {ergonomic}
    uintx ProfiledCodeHeapSize                     = 0                                      {pd product} {ergonomic}
    uintx ReservedCodeCacheSize                    = 251658240                              {pd product} {ergonomic}
     bool SegmentedCodeCache                       = true                                      {product} {ergonomic}
     intx TieredStopAtLevel                        = 1                                         {product} {command line}
     bool UseCompressedClassPointers               = true                                 {lp64_product} {ergonomic}
     bool UseCompressedOops                        = true                                 {lp64_product} {ergonomic}
     bool UseG1GC                                  = true                                      {product} {ergonomic}
     bool UseLargePagesIndividualAllocation        = false                                  {pd product} {ergonomic}

Logging:
Log output configuration:
 #0: stdout all=warning uptime,level,tags
 #1: stderr all=off uptime,level,tags

Environment Variables:
PATH=C:\Windows\system32;C:\Windows;C:\Windows\System32\Wbem;C:\Windows\System32\WindowsPowerShell\v1.0\;C:\Program Files (x86)\NVIDIA Corporation\PhysX\Common;C:\work\mingw\bin;C:\WINDOWS\system32;C:\WINDOWS;C:\WINDOWS\System32\Wbem;C:\WINDOWS\System32\WindowsPowerShell\v1.0\;C:\WINDOWS\System32\OpenSSH\;C:\Program Files\Git\cmd;C:\Program Files\dotnet\;C:\Users\Cosmin\AppData\Local\Microsoft\WindowsApps;C:\Users\Cosmin\AppData\Local\Programs\Microsoft VS Code\bin;C:\Users\Cosmin\AppData\Local\GitHubDesktop\bin;C:\Program Files\JetBrains\IntelliJ IDEA 2018.2.5\IntelliJ IDEA 2018.3.5\bin;;C:\Program Files\MySQL\MySQL Server 8.0\bin;;C:\Users\MadaPas\AppData\Local\Programs\Microsoft VS Code\bin
USERNAME=MadaPas
OS=Windows_NT
PROCESSOR_IDENTIFIER=Intel64 Family 6 Model 142 Stepping 9, GenuineIntel



---------------  S Y S T E M  ---------------

OS: Windows 10 , 64 bit Build 17134 (10.0.17134.753)

CPU:total 4 (initial active 4) (2 cores per cpu, 2 threads per core) family 6 model 142 stepping 9, cmov, cx8, fxsr, mmx, sse, sse2, sse3, ssse3, sse4.1, sse4.2, popcnt, avx, avx2, aes, clmul, erms, 3dnowpref, lzcnt, ht, tsc, tscinvbit, bmi1, bmi2, adx, fma

Memory: 4k page, system-wide physical 8060M (1156M free)
TotalPageFile size 8060M (AvailPageFile size 69M)
current process WorkingSet (physical memory assigned to process): 9M, peak: 9M
current process commit charge ("private bytes"): 49M, peak: 175M

vm_info: Java HotSpot(TM) 64-Bit Server VM (11.0.2+9-LTS) for windows-amd64 JRE (11.0.2+9-LTS), built on Jan 18 2019 05:24:10 by "mach5one" with MS VC++ 15.5 (VS2017)

END.
