#
# There is insufficient memory for the Java Runtime Environment to continue.
# Native memory allocation (malloc) failed to allocate 1048576 bytes for AllocateHeap
# Possible reasons:
#   The system is out of physical RAM or swap space
#   The process is running with CompressedOops enabled, and the Java Heap may be blocking the growth of the native heap
# Possible solutions:
#   Reduce memory load on the system
#   Increase physical memory or swap space
#   Check if swap backing store is full
#   Decrease Java heap size (-Xmx/-Xms)
#   Decrease number of Java threads
#   Decrease Java thread stack sizes (-Xss)
#   Set larger code cache with -XX:ReservedCodeCacheSize=
#   JVM is running with Unscaled Compressed Oops mode in which the Java heap is
#     placed in the first 4GB address space. The Java Heap base address is the
#     maximum limit for the native heap growth. Please use -XX:HeapBaseMinAddress
#     to set the Java Heap base and to place the Java Heap above 4GB virtual address.
# This output file may be truncated or incomplete.
#
#  Out of Memory Error (memory/allocation.inline.hpp:61), pid=11340, tid=0x0000000000001fc4
#
# JRE version:  (8.0_202-b49) (build )
# Java VM: OpenJDK 64-Bit Server VM (25.202-b49 mixed mode windows-amd64 compressed oops)
# Failed to write core dump. Minidumps are not enabled by default on client versions of Windows
#

---------------  T H R E A D  ---------------

Current thread (0x0000000000b9e000):  JavaThread "Unknown thread" [_thread_in_vm, id=8132, stack(0x00000000028a0000,0x00000000029a0000)]

Stack: [0x00000000028a0000,0x00000000029a0000]
[error occurred during error reporting (printing stack bounds), id 0xc0000005]

Native frames: (J=compiled Java code, j=interpreted, Vv=VM code, C=native code)


---------------  P R O C E S S  ---------------

Java Threads: ( => current thread )

Other Threads:

=>0x0000000000b9e000 (exited) JavaThread "Unknown thread" [_thread_in_vm, id=8132, stack(0x00000000028a0000,0x00000000029a0000)]

VM state:not at safepoint (normal execution)

VM Mutex/Monitor currently owned by a thread: None

heap address: 0x0000000082000000, size: 2016 MB, Compressed Oops mode: 32-bit
Narrow klass base: 0x0000000000000000, Narrow klass shift: 3
Compressed class space size: 1073741824 Address: 0x0000000100000000

Heap:
 PSYoungGen      total 37888K, used 655K [0x00000000d6000000, 0x00000000d8a00000, 0x0000000100000000)
  eden space 32768K, 2% used [0x00000000d6000000,0x00000000d60a3d80,0x00000000d8000000)
  from space 5120K, 0% used [0x00000000d8500000,0x00000000d8500000,0x00000000d8a00000)
  to   space 5120K, 0% used [0x00000000d8000000,0x00000000d8000000,0x00000000d8500000)
 ParOldGen       total 86016K, used 0K [0x0000000082000000, 0x0000000087400000, 0x00000000d6000000)
  object space 86016K, 0% used [0x0000000082000000,0x0000000082000000,0x0000000087400000)
 Metaspace       used 777K, capacity 4480K, committed 4480K, reserved 1056768K
  class space    used 74K, capacity 384K, committed 384K, reserved 1048576K

Card table byte_map: [0x0000000011ee0000,0x00000000122e0000] byte_map_base: 0x0000000011ad0000

Marking Bits: (ParMarkBitMap*) 0x000000005bd49f30
 Begin Bits: [0x0000000012980000, 0x0000000014900000)
 End Bits:   [0x0000000014900000, 0x0000000016880000)

Polling page: 0x00000000007f0000

CodeCache: size=245760Kb used=328Kb max_used=328Kb free=245431Kb
 bounds [0x0000000002b20000, 0x0000000002d90000, 0x0000000011b20000]
 total_blobs=57 nmethods=0 adapters=38
 compilation: enabled

Compilation events (0 events):
No events

GC Heap History (0 events):
No events

Deoptimization events (0 events):
No events

Classes redefined (0 events):
No events

Internal exceptions (0 events):
No events

Events (10 events):
Event: 0.059 loading class java/lang/Short
Event: 0.059 loading class java/lang/Short done
Event: 0.059 loading class java/lang/Integer
Event: 0.059 loading class java/lang/Integer done
Event: 0.059 loading class java/lang/Long
Event: 0.059 loading class java/lang/Long done
Event: 0.060 loading class java/lang/NullPointerException
Event: 0.061 loading class java/lang/NullPointerException done
Event: 0.061 loading class java/lang/ArithmeticException
Event: 0.061 loading class java/lang/ArithmeticException done


Dynamic libraries:
0x00007ff616d80000 - 0x00007ff616db1000 	C:\Program Files\JetBrains\IntelliJ IDEA 2018.2.5\IntelliJ IDEA 2018.3.5\jre64\bin\java.exe
0x00007ffcf2860000 - 0x00007ffcf2a41000 	C:\WINDOWS\SYSTEM32\ntdll.dll
0x00007ffcf2730000 - 0x00007ffcf27e1000 	C:\WINDOWS\System32\KERNEL32.DLL
0x00007ffceec80000 - 0x00007ffceeef3000 	C:\WINDOWS\System32\KERNELBASE.dll
0x00007ffcf22d0000 - 0x00007ffcf2371000 	C:\WINDOWS\System32\ADVAPI32.dll
0x00007ffcf2160000 - 0x00007ffcf21fe000 	C:\WINDOWS\System32\msvcrt.dll
0x00007ffcf2520000 - 0x00007ffcf257b000 	C:\WINDOWS\System32\sechost.dll
0x00007ffcf17d0000 - 0x00007ffcf18f4000 	C:\WINDOWS\System32\RPCRT4.dll
0x00007ffcf1210000 - 0x00007ffcf13a0000 	C:\WINDOWS\System32\USER32.dll
0x00007ffceef00000 - 0x00007ffceef20000 	C:\WINDOWS\System32\win32u.dll
0x00007ffcf1770000 - 0x00007ffcf1798000 	C:\WINDOWS\System32\GDI32.dll
0x00007ffcef3a0000 - 0x00007ffcef532000 	C:\WINDOWS\System32\gdi32full.dll
0x00007ffcef540000 - 0x00007ffcef5df000 	C:\WINDOWS\System32\msvcp_win.dll
0x00007ffcef2a0000 - 0x00007ffcef398000 	C:\WINDOWS\System32\ucrtbase.dll
0x00007ffcdfdb0000 - 0x00007ffce0019000 	C:\WINDOWS\WinSxS\amd64_microsoft.windows.common-controls_6595b64144ccf1df_6.0.17134.765_none_fb42a1a930655896\COMCTL32.dll
0x00007ffcf1db0000 - 0x00007ffcf20d2000 	C:\WINDOWS\System32\combase.dll
0x00007ffceef20000 - 0x00007ffceef9a000 	C:\WINDOWS\System32\bcryptPrimitives.dll
0x00007ffcf2800000 - 0x00007ffcf282d000 	C:\WINDOWS\System32\IMM32.DLL
0x000000005b4a0000 - 0x000000005b572000 	C:\Program Files\JetBrains\IntelliJ IDEA 2018.2.5\IntelliJ IDEA 2018.3.5\jre64\bin\msvcr100.dll
0x000000005b580000 - 0x000000005bdc6000 	C:\Program Files\JetBrains\IntelliJ IDEA 2018.2.5\IntelliJ IDEA 2018.3.5\jre64\bin\server\jvm.dll
0x00007ffcefdc0000 - 0x00007ffcefdc8000 	C:\WINDOWS\System32\PSAPI.DLL
0x00007ffce9da0000 - 0x00007ffce9da9000 	C:\WINDOWS\SYSTEM32\WSOCK32.dll
0x00007ffceb8a0000 - 0x00007ffceb8c3000 	C:\WINDOWS\SYSTEM32\WINMM.dll
0x00007ffcf2260000 - 0x00007ffcf22cc000 	C:\WINDOWS\System32\WS2_32.dll
0x00007ffce7ee0000 - 0x00007ffce7eea000 	C:\WINDOWS\SYSTEM32\VERSION.dll
0x00007ffceb870000 - 0x00007ffceb89a000 	C:\WINDOWS\SYSTEM32\winmmbase.dll
0x00007ffceec30000 - 0x00007ffceec79000 	C:\WINDOWS\System32\cfgmgr32.dll
0x00007ffce9dd0000 - 0x00007ffce9ddf000 	C:\Program Files\JetBrains\IntelliJ IDEA 2018.2.5\IntelliJ IDEA 2018.3.5\jre64\bin\verify.dll
0x00007ffce0a10000 - 0x00007ffce0a39000 	C:\Program Files\JetBrains\IntelliJ IDEA 2018.2.5\IntelliJ IDEA 2018.3.5\jre64\bin\java.dll
0x00007ffce7410000 - 0x00007ffce7426000 	C:\Program Files\JetBrains\IntelliJ IDEA 2018.2.5\IntelliJ IDEA 2018.3.5\jre64\bin\zip.dll

VM Arguments:
java_command: org.jetbrains.git4idea.http.GitAskPassApp Username for 'https://github.com': 
java_class_path (initial): C:/Program Files/JetBrains/IntelliJ IDEA 2018.2.5/IntelliJ IDEA 2018.3.5/plugins/git4idea/lib/git4idea-rt.jar;C:/Program Files/JetBrains/IntelliJ IDEA 2018.2.5/IntelliJ IDEA 2018.3.5/lib/xmlrpc-2.0.1.jar;C:/Program Files/JetBrains/IntelliJ IDEA 2018.2.5/IntelliJ IDEA 2018.3.5/lib/commons-codec-1.10.jar;C:/Program Files/JetBrains/IntelliJ IDEA 2018.2.5/IntelliJ IDEA 2018.3.5/lib/util.jar
Launcher Type: SUN_STANDARD

Environment Variables:
PATH=C:/Program Files/Git/mingw64/libexec/git-core;C:/Program Files/Git/mingw64/libexec/git-core;C:\Program Files\Git\mingw64\bin;C:\Program Files\Git\usr\bin;C:\Users\MadaPas\bin;C:\Windows\system32;C:\Windows;C:\Windows\System32\Wbem;C:\Windows\System32\WindowsPowerShell\v1.0\;C:\Program Files (x86)\NVIDIA Corporation\PhysX\Common;C:\work\mingw\bin;C:\WINDOWS\system32;C:\WINDOWS;C:\WINDOWS\System32\Wbem;C:\WINDOWS\System32\WindowsPowerShell\v1.0\;C:\WINDOWS\System32\OpenSSH\;C:\Program Files\Git\cmd;C:\Program Files\dotnet\;C:\Users\Cosmin\AppData\Local\Microsoft\WindowsApps;C:\Users\Cosmin\AppData\Local\Programs\Microsoft VS Code\bin;C:\Users\Cosmin\AppData\Local\GitHubDesktop\bin;C:\Program Files\JetBrains\IntelliJ IDEA 2018.2.5\IntelliJ IDEA 2018.3.5\bin;;C:\Program Files\MySQL\MySQL Server 8.0\bin;;C:\Users\MadaPas\AppData\Local\Programs\Microsoft VS Code\bin
USERNAME=MadaPas
DISPLAY=:0.0
OS=Windows_NT
PROCESSOR_IDENTIFIER=Intel64 Family 6 Model 142 Stepping 9, GenuineIntel



---------------  S Y S T E M  ---------------

OS: Windows 10.0 , 64 bit Build 17134 (10.0.17134.753)

CPU:total 4 (initial active 4) (2 cores per cpu, 2 threads per core) family 6 model 142 stepping 9, cmov, cx8, fxsr, mmx, sse, sse2, sse3, ssse3, sse4.1, sse4.2, popcnt, avx, avx2, aes, clmul, erms, 3dnowpref, lzcnt, ht, tsc, tscinvbit, bmi1, bmi2, adx

Memory: 4k page, physical 8253668k(1219396k free), swap 8253668k(5620k free)

vm_info: OpenJDK 64-Bit Server VM (25.202-b49) for windows-amd64 JRE (1.8.0_202-release-1483-b49), built on Apr 10 2019 16:54:32 by "builduser" with MS VC++ 10.0 (VS2010)

time: Mon May 27 14:34:34 2019
timezone: Romance Daylight Time
elapsed time: 0 seconds (0d 0h 0m 0s)

